0 info it worked if it ends with ok
1 verbose cli [ 'node', '/usr/local/bin/npm', 'uninstall', 'dploy', '-g' ]
2 info using npm@1.4.9
3 info using node@v0.10.28
4 info /usr/local/lib/node_modules/dploy unbuild
5 info preuninstall dploy@1.2.0
6 info uninstall dploy@1.2.0
7 verbose true,/usr/local/lib/node_modules,/usr/local/lib/node_modules unbuild dploy@1.2.0
8 verbose /usr/local/bin,[object Object] binRoot
9 info postuninstall dploy@1.2.0
10 error Error: EACCES, unlink '/usr/local/lib/node_modules/dploy'
10 error  { [Error: EACCES, unlink '/usr/local/lib/node_modules/dploy']
10 error   errno: 3,
10 error   code: 'EACCES',
10 error   path: '/usr/local/lib/node_modules/dploy' }
11 error Please try running this command again as root/Administrator.
12 error System Darwin 13.1.0
13 error command "node" "/usr/local/bin/npm" "uninstall" "dploy" "-g"
14 error cwd /Users/lucaciraolo/GitHub/SPS iGEM Website
15 error node -v v0.10.28
16 error npm -v 1.4.9
17 error path /usr/local/lib/node_modules/dploy
18 error code EACCES
19 error errno 3
20 error stack Error: EACCES, unlink '/usr/local/lib/node_modules/dploy'
21 verbose exit [ 3, true ]
